# This file contains information about inputs as read by the program

 Population size = 40
 Number of generations = 5000
 Number of objective functions = 1
 Number of constraints = 1
 Number of real variables = 5
 Lower limit of real variable 1 = 0.000000e+00
 Upper limit of real variable 1 = 0.000000e+00
 Lower limit of real variable 2 = 0.000000e+00
 Upper limit of real variable 2 = 0.000000e+00
 Lower limit of real variable 3 = 0.000000e+00
 Upper limit of real variable 3 = 0.000000e+00
 Lower limit of real variable 4 = 0.000000e+00
 Upper limit of real variable 4 = 0.000000e+00
 Lower limit of real variable 5 = 0.000000e+00
 Upper limit of real variable 5 = 0.000000e+00
 Probability of crossover of real variable = 9.000000e-01
 Probability of mutation of real variable = 6.000000e-01
 Distribution index for crossover = 1.500000e+01
 Distribution index for mutation = 2.000000e+01
 Number of binary variables = 0
 Seed for random number generator = 5.000000e-01